[2018-10-01T13:10:43.134] [INFO] access - Hit OPTIONS /api/register
[2018-10-01T13:10:43.168] [INFO] access - Hit POST /api/register
[2018-10-01T13:10:43.168] [INFO] access - Registration Hit /register
[2018-10-01T13:10:43.321] [INFO] user - User is Register with Token :eyJhbGciOiJIUzI1NiIsInR5cCI6IkpXVCJ9.eyJfaWQiOiI1YmIxY2Y3YjZjMTVjMTI1ZGI0NThlNGMiLCJpYXQiOjE1MzgzNzk2NDMsImV4cCI6MTUzODQyMjg0M30.9jPtY-DEI8y_nrkGVfYESbGTE7_XbgotaamUreVDjos
[2018-10-01T13:10:43.392] [INFO] access - Hit GET /api/hotels
[2018-10-01T13:12:33.951] [INFO] access - Hit OPTIONS /api/register
[2018-10-01T13:12:33.973] [INFO] access - Hit POST /api/register
[2018-10-01T13:12:33.975] [INFO] access - Registration Hit /register
[2018-10-01T13:12:34.099] [ERROR] error - { error:
   { MongoError: E11000 duplicate key error collection: meanhotel.hotel.usr index: email_1 dup key: { : "sample@gmail.com" }
       at Function.create (/home/waheedk/training11am/MEAN/hotel-mng-pro/node_modules/mongodb-core/lib/error.js:43:12)
       at toError (/home/waheedk/training11am/MEAN/hotel-mng-pro/node_modules/mongodb/lib/utils.js:149:22)
       at coll.s.topology.insert (/home/waheedk/training11am/MEAN/hotel-mng-pro/node_modules/mongodb/lib/operations/collection_ops.js:828:39)
       at /home/waheedk/training11am/MEAN/hotel-mng-pro/node_modules/mongodb-core/lib/connection/pool.js:532:18
       at process._tickCallback (internal/process/next_tick.js:61:11)
     driver: true,
     name: 'MongoError',
     index: 0,
     code: 11000,
     errmsg:
      'E11000 duplicate key error collection: meanhotel.hotel.usr index: email_1 dup key: { : "sample@gmail.com" }',
     [Symbol(mongoErrorContextSymbol)]: {} },
  messsage: 'Failed to Register a User' }
[2018-10-01T13:14:32.890] [INFO] access - Hit OPTIONS /api/login
[2018-10-01T13:14:32.909] [INFO] access - Hit POST /api/login
[2018-10-01T13:14:33.051] [INFO] access - Hit GET /api/hotels
[2018-10-01T13:14:59.840] [INFO] access - Hit OPTIONS /api/login
[2018-10-01T13:14:59.857] [INFO] access - Hit POST /api/login
[2018-10-01T13:18:52.269] [INFO] access - Hit OPTIONS /api/login
[2018-10-01T13:18:52.284] [INFO] access - Hit POST /api/login
[2018-10-01T13:20:12.237] [INFO] access - Hit OPTIONS /api/login
[2018-10-01T13:20:12.248] [INFO] access - Hit POST /api/login
[2018-10-01T13:22:19.577] [INFO] access - Hit OPTIONS /api/login
[2018-10-01T13:22:19.602] [INFO] access - Hit POST /api/login
[2018-10-01T13:22:59.328] [INFO] access - Hit OPTIONS /api/login
[2018-10-01T13:22:59.346] [INFO] access - Hit POST /api/login
[2018-10-01T13:23:38.011] [INFO] access - Hit OPTIONS /api/login
[2018-10-01T13:23:38.023] [INFO] access - Hit POST /api/login
[2018-10-01T13:23:48.626] [INFO] access - Hit OPTIONS /api/login
[2018-10-01T13:23:48.641] [INFO] access - Hit POST /api/login
[2018-10-01T13:23:48.796] [INFO] access - Hit GET /api/hotels
[2018-10-01T13:27:33.220] [INFO] access - Hit GET /api/hotels
[2018-10-01T13:27:35.304] [INFO] access - Hit GET /api/hotels
[2018-10-01T13:27:47.449] [INFO] access - Hit OPTIONS /api/login
[2018-10-01T13:27:47.463] [INFO] access - Hit POST /api/login
[2018-10-01T13:28:27.363] [INFO] access - Hit OPTIONS /api/login
[2018-10-01T13:28:27.375] [INFO] access - Hit POST /api/login
[2018-10-01T13:29:35.754] [INFO] access - Hit OPTIONS /api/login
[2018-10-01T13:29:35.770] [INFO] access - Hit POST /api/login
[2018-10-01T13:31:04.122] [INFO] access - Hit OPTIONS /api/login
[2018-10-01T13:31:04.145] [INFO] access - Hit POST /api/login
[2018-10-01T13:31:41.045] [INFO] access - Hit OPTIONS /api/login
[2018-10-01T13:31:41.067] [INFO] access - Hit POST /api/login
[2018-10-01T13:32:11.212] [INFO] access - Hit OPTIONS /api/login
[2018-10-01T13:32:11.235] [INFO] access - Hit POST /api/login
[2018-10-02T11:50:32.180] [INFO] startup - Magic Happens On Port :3000
[2018-10-02T11:50:32.182] [INFO] startup - Sever Runs On  http://127.0.0.1:3000
[2018-10-02T11:51:00.671] [INFO] access - Hit GET /api/hotels
[2018-10-02T11:52:22.192] [INFO] access - Hit OPTIONS /api/login
[2018-10-02T11:52:22.221] [INFO] access - Hit POST /api/login
[2018-10-02T11:52:22.592] [INFO] access - Hit GET /api/hotels
[2018-10-02T12:04:35.432] [INFO] access - Hit GET /api/hotels
[2018-10-02T12:04:40.364] [INFO] access - Hit GET /api/hotels
[2018-10-02T12:07:47.039] [INFO] access - Hit GET /api/hotels
[2018-10-02T12:10:40.665] [INFO] access - Hit GET /api/hotels
[2018-10-02T12:16:15.072] [INFO] access - Hit OPTIONS /api/login
[2018-10-02T12:16:15.096] [INFO] access - Hit POST /api/login
[2018-10-02T12:16:15.261] [INFO] access - Hit GET /api/hotels
[2018-10-02T12:16:56.724] [INFO] access - Hit GET /api/hotels
[2018-10-02T12:18:02.821] [INFO] access - Hit GET /api/hotels
[2018-10-02T12:18:52.175] [INFO] access - Hit GET /api/hotels
[2018-10-02T12:37:46.016] [INFO] access - Hit GET /api/hotels
[2018-10-02T12:40:05.968] [INFO] access - Hit OPTIONS /api/login
[2018-10-02T12:40:05.977] [INFO] access - Hit POST /api/login
[2018-10-02T12:40:06.111] [INFO] access - Hit GET /api/hotels
[2018-10-02T12:40:14.368] [INFO] access - Hit GET /api/hotels
[2018-10-02T12:40:22.878] [INFO] access - Hit GET /api/hotels
[2018-10-02T12:41:02.943] [INFO] access - Hit GET /api/hotels/5a3b406cfa92f1d123a39a2f
[2018-10-02T12:52:00.098] [INFO] access - Hit OPTIONS /api/login
[2018-10-02T12:52:00.113] [INFO] access - Hit POST /api/login
[2018-10-02T12:52:00.255] [INFO] access - Hit GET /api/hotels
[2018-10-02T12:52:12.902] [INFO] access - Hit GET /api/hotels
[2018-10-02T12:53:21.832] [INFO] access - Hit GET /api/hotels
[2018-10-02T13:16:28.096] [INFO] startup - Magic Happens On Port :3000
[2018-10-02T13:16:28.097] [INFO] startup - Sever Runs On  http://127.0.0.1:3000
[2018-10-02T13:16:59.961] [INFO] startup - Magic Happens On Port :3000
[2018-10-02T13:16:59.964] [INFO] startup - Sever Runs On  http://127.0.0.1:3000
[2018-10-02T13:18:17.206] [INFO] startup - Magic Happens On Port :3000
[2018-10-02T13:18:17.209] [INFO] startup - Sever Runs On  http://127.0.0.1:3000
[2018-10-02T13:18:25.256] [INFO] access - Hit OPTIONS /api/hotels
[2018-10-02T13:20:16.201] [INFO] startup - Magic Happens On Port :3000
[2018-10-02T13:20:16.205] [INFO] startup - Sever Runs On  http://127.0.0.1:3000
[2018-10-02T13:20:26.794] [INFO] access - Hit OPTIONS /api/hotels
[2018-10-02T13:21:53.029] [INFO] startup - Magic Happens On Port :3000
[2018-10-02T13:21:53.032] [INFO] startup - Sever Runs On  http://127.0.0.1:3000
[2018-10-02T13:21:59.919] [INFO] access - Hit OPTIONS /api/hotels
[2018-10-02T13:22:28.269] [INFO] startup - Magic Happens On Port :3000
[2018-10-02T13:22:28.271] [INFO] startup - Sever Runs On  http://127.0.0.1:3000
[2018-10-02T13:22:34.748] [INFO] startup - Magic Happens On Port :3000
[2018-10-02T13:22:34.750] [INFO] startup - Sever Runs On  http://127.0.0.1:3000
[2018-10-02T13:22:38.442] [INFO] startup - Magic Happens On Port :3000
[2018-10-02T13:22:38.445] [INFO] startup - Sever Runs On  http://127.0.0.1:3000
[2018-10-02T13:22:51.682] [INFO] access - Hit OPTIONS /api/hotels
[2018-10-02T13:23:14.783] [INFO] access - Hit OPTIONS /api/hotels
[2018-10-02T13:23:14.893] [INFO] access - Hit GET /api/hotels
[2018-10-02T13:23:24.106] [INFO] access - Hit OPTIONS /api/hotels
[2018-10-02T13:23:24.126] [INFO] access - Hit GET /api/hotels
[2018-10-02T13:24:45.778] [INFO] startup - Magic Happens On Port :3000
[2018-10-02T13:24:45.780] [INFO] startup - Sever Runs On  http://127.0.0.1:3000
[2018-10-02T13:25:19.269] [INFO] startup - Magic Happens On Port :3000
[2018-10-02T13:25:19.271] [INFO] startup - Sever Runs On  http://127.0.0.1:3000
[2018-10-02T13:25:32.840] [INFO] startup - Magic Happens On Port :3000
[2018-10-02T13:25:32.844] [INFO] startup - Sever Runs On  http://127.0.0.1:3000
[2018-10-02T13:25:38.437] [INFO] access - Hit OPTIONS /api/hotels
[2018-10-02T13:25:38.463] [INFO] access - Hit GET /api/hotels
[2018-10-02T13:27:38.617] [INFO] access - Hit OPTIONS /api/hotels
[2018-10-02T13:27:38.636] [INFO] access - Hit GET /api/hotels
[2018-10-02T13:28:12.898] [INFO] access - Hit OPTIONS /api/hotels
[2018-10-02T13:28:12.919] [INFO] access - Hit GET /api/hotels
[2018-10-02T13:29:00.991] [INFO] access - Hit OPTIONS /api/hotels
[2018-10-02T13:29:01.030] [INFO] access - Hit GET /api/hotels
[2018-10-02T13:29:06.990] [INFO] access - Hit OPTIONS /api/hotels
[2018-10-02T13:29:07.012] [INFO] access - Hit GET /api/hotels
[2018-10-02T13:29:38.492] [INFO] access - Hit OPTIONS /api/login
[2018-10-02T13:29:38.505] [INFO] access - Hit POST /api/login
[2018-10-02T13:29:38.867] [INFO] access - Hit OPTIONS /api/hotels
[2018-10-02T13:29:38.889] [INFO] access - Hit GET /api/hotels
[2018-10-02T13:34:48.561] [INFO] access - Hit OPTIONS /api/hotels
[2018-10-02T13:34:48.580] [INFO] access - Hit GET /api/hotels
[2018-10-02T13:42:20.033] [INFO] access - Hit OPTIONS /api/hotels
[2018-10-02T13:42:20.118] [INFO] access - Hit GET /api/hotels
[2018-10-02T13:45:26.493] [INFO] startup - Magic Happens On Port :3000
[2018-10-02T13:45:26.496] [INFO] startup - Sever Runs On  http://127.0.0.1:3000
